0 info it worked if it ends with ok
1 verbose cli [ 'C:\\Program Files\\nodejs\\node.exe',
1 verbose cli   'C:\\Program Files\\nodejs\\node_modules\\npm\\bin\\npm-cli.js',
1 verbose cli   'run',
1 verbose cli   'tsc' ]
2 info using npm@3.8.3
3 info using node@v5.10.1
4 verbose run-script [ 'pretsc', 'tsc', 'posttsc' ]
5 info lifecycle bike-computer@1.0.0~pretsc: bike-computer@1.0.0
6 silly lifecycle bike-computer@1.0.0~pretsc: no script for pretsc, continuing
7 info lifecycle bike-computer@1.0.0~tsc: bike-computer@1.0.0
8 verbose lifecycle bike-computer@1.0.0~tsc: unsafe-perm in lifecycle true
9 verbose lifecycle bike-computer@1.0.0~tsc: PATH: C:\Users\ddriscol\AppData\Roaming\nvm\v5.10.1\node_modules\npm\bin\node-gyp-bin;C:\Development\bike-computer\node_modules\.bin;C:\Program Files\nodejs;C:\Users\ddriscol\OneDrive\Util\Cmder\bin;C:\Users\ddriscol\OneDrive\Util\Cmder\vendor\conemu-maximus5\ConEmu\Scripts;C:\Users\ddriscol\OneDrive\Util\Cmder\vendor\conemu-maximus5;C:\Users\ddriscol\OneDrive\Util\Cmder\vendor\conemu-maximus5\ConEmu;C:\Program Files\Git\usr\bin;C:\Windows\system32;C:\Windows;C:\Windows\System32\Wbem;C:\Windows\System32\WindowsPowerShell\v1.0\;C:\ProgramData\chocolatey\bin;C:\Program Files\Git\cmd;C:\Users\ddriscol\AppData\Local\atom\bin;C:\Program Files (x86)\Microsoft VS Code Insiders\bin;C:\Program Files (x86)\Microsoft VS Code\bin;C:\Users\ddriscol\AppData\Roaming\nvm;C:\Program Files\nodejs;C:\Program Files (x86)\Skype\Phone\;C:\Users\ddriscol\AppData\Local\atom\bin;C:\Program Files (x86)\Microsoft VS Code Insiders\bin;C:\Users\ddriscol\OneDrive\Util\Cmder
10 verbose lifecycle bike-computer@1.0.0~tsc: CWD: C:\Development\bike-computer
11 silly lifecycle bike-computer@1.0.0~tsc: Args: [ '/d /s /c', 'tsc' ]
12 silly lifecycle bike-computer@1.0.0~tsc: Returned: code: 2  signal: null
13 info lifecycle bike-computer@1.0.0~tsc: Failed to exec tsc script
14 verbose stack Error: bike-computer@1.0.0 tsc: `tsc`
14 verbose stack Exit status 2
14 verbose stack     at EventEmitter.<anonymous> (C:\Users\ddriscol\AppData\Roaming\nvm\v5.10.1\node_modules\npm\lib\utils\lifecycle.js:239:16)
14 verbose stack     at emitTwo (events.js:100:13)
14 verbose stack     at EventEmitter.emit (events.js:185:7)
14 verbose stack     at ChildProcess.<anonymous> (C:\Users\ddriscol\AppData\Roaming\nvm\v5.10.1\node_modules\npm\lib\utils\spawn.js:24:14)
14 verbose stack     at emitTwo (events.js:100:13)
14 verbose stack     at ChildProcess.emit (events.js:185:7)
14 verbose stack     at maybeClose (internal/child_process.js:850:16)
14 verbose stack     at Process.ChildProcess._handle.onexit (internal/child_process.js:215:5)
15 verbose pkgid bike-computer@1.0.0
16 verbose cwd C:\Development\bike-computer
17 error Windows_NT 6.1.7601
18 error argv "C:\\Program Files\\nodejs\\node.exe" "C:\\Program Files\\nodejs\\node_modules\\npm\\bin\\npm-cli.js" "run" "tsc"
19 error node v5.10.1
20 error npm  v3.8.3
21 error code ELIFECYCLE
22 error bike-computer@1.0.0 tsc: `tsc`
22 error Exit status 2
23 error Failed at the bike-computer@1.0.0 tsc script 'tsc'.
23 error Make sure you have the latest version of node.js and npm installed.
23 error If you do, this is most likely a problem with the bike-computer package,
23 error not with npm itself.
23 error Tell the author that this fails on your system:
23 error     tsc
23 error You can get information on how to open an issue for this project with:
23 error     npm bugs bike-computer
23 error Or if that isn't available, you can get their info via:
23 error     npm owner ls bike-computer
23 error There is likely additional logging output above.
24 verbose exit [ 1, true ]
